10:21:19.515 - Timers : 2
10:22:01.019 - Backup for user DB started...
10:22:01.027 - Backup for user DB finished.
10:22:20.407 - Ticked widgets for 1 minute : 0. Per second : 0, total time : 0 ms
10:23:20.416 - Ticked widgets for 1 minute : 0. Per second : 0, total time : 0 ms
10:24:20.409 - Ticked widgets for 1 minute : 0. Per second : 0, total time : 0 ms
10:25:20.415 - Ticked widgets for 1 minute : 0. Per second : 0, total time : 0 ms
10:26:20.401 - Ticked widgets for 1 minute : 0. Per second : 0, total time : 0 ms
10:27:20.408 - Ticked widgets for 1 minute : 0. Per second : 0, total time : 0 ms
10:28:20.414 - Ticked widgets for 1 minute : 0. Per second : 0, total time : 0 ms
10:29:20.404 - Ticked widgets for 1 minute : 0. Per second : 0, total time : 0 ms
10:30:20.412 - Ticked widgets for 1 minute : 0. Per second : 0, total time : 0 ms
10:31:20.414 - Ticked widgets for 1 minute : 0. Per second : 0, total time : 0 ms
10:32:20.404 - Ticked widgets for 1 minute : 0. Per second : 0, total time : 0 ms
10:33:20.409 - Ticked widgets for 1 minute : 0. Per second : 0, total time : 0 ms
10:34:20.408 - Ticked widgets for 1 minute : 0. Per second : 0, total time : 0 ms
10:35:20.409 - Ticked widgets for 1 minute : 0. Per second : 0, total time : 0 ms
10:36:20.403 - Ticked widgets for 1 minute : 0. Per second : 0, total time : 0 ms
10:37:20.403 - Ticked widgets for 1 minute : 0. Per second : 0, total time : 0 ms
10:38:20.413 - Ticked widgets for 1 minute : 0. Per second : 0, total time : 0 ms
10:39:20.414 - Ticked widgets for 1 minute : 0. Per second : 0, total time : 0 ms
10:40:20.403 - Ticked widgets for 1 minute : 0. Per second : 0, total time : 1 ms
10:41:20.410 - Ticked widgets for 1 minute : 0. Per second : 0, total time : 0 ms
10:42:20.401 - Ticked widgets for 1 minute : 0. Per second : 0, total time : 0 ms
10:43:20.412 - Ticked widgets for 1 minute : 0. Per second : 0, total time : 0 ms
10:44:20.405 - Ticked widgets for 1 minute : 0. Per second : 0, total time : 0 ms
10:45:20.416 - Ticked widgets for 1 minute : 0. Per second : 0, total time : 0 ms
10:46:20.402 - Ticked widgets for 1 minute : 0. Per second : 0, total time : 0 ms
10:47:20.413 - Ticked widgets for 1 minute : 0. Per second : 0, total time : 0 ms
10:48:20.404 - Ticked widgets for 1 minute : 0. Per second : 0, total time : 0 ms
10:49:20.413 - Ticked widgets for 1 minute : 0. Per second : 0, total time : 0 ms
10:50:20.402 - Ticked widgets for 1 minute : 0. Per second : 0, total time : 0 ms
10:51:20.402 - Ticked widgets for 1 minute : 0. Per second : 0, total time : 0 ms
10:52:20.416 - Ticked widgets for 1 minute : 0. Per second : 0, total time : 0 ms
10:53:20.414 - Ticked widgets for 1 minute : 0. Per second : 0, total time : 0 ms
10:54:20.407 - Ticked widgets for 1 minute : 0. Per second : 0, total time : 0 ms
10:55:20.402 - Ticked widgets for 1 minute : 0. Per second : 0, total time : 0 ms
10:56:20.410 - Ticked widgets for 1 minute : 0. Per second : 0, total time : 0 ms
10:57:20.407 - Ticked widgets for 1 minute : 0. Per second : 0, total time : 0 ms
10:58:20.413 - Ticked widgets for 1 minute : 0. Per second : 0, total time : 0 ms
10:59:20.408 - Ticked widgets for 1 minute : 0. Per second : 0, total time : 0 ms
11:00:20.405 - Ticked widgets for 1 minute : 0. Per second : 0, total time : 0 ms
11:01:20.406 - Ticked widgets for 1 minute : 0. Per second : 0, total time : 0 ms
11:02:20.406 - Ticked widgets for 1 minute : 0. Per second : 0, total time : 0 ms
11:03:20.415 - Ticked widgets for 1 minute : 0. Per second : 0, total time : 0 ms
11:04:20.409 - Ticked widgets for 1 minute : 0. Per second : 0, total time : 0 ms
11:05:20.407 - Ticked widgets for 1 minute : 0. Per second : 0, total time : 0 ms
11:06:20.415 - Ticked widgets for 1 minute : 0. Per second : 0, total time : 0 ms
11:07:20.415 - Ticked widgets for 1 minute : 0. Per second : 0, total time : 0 ms
11:08:20.408 - Ticked widgets for 1 minute : 0. Per second : 0, total time : 0 ms
11:09:20.402 - Ticked widgets for 1 minute : 0. Per second : 0, total time : 0 ms
11:10:20.401 - Ticked widgets for 1 minute : 0. Per second : 0, total time : 0 ms
11:11:20.415 - Ticked widgets for 1 minute : 0. Per second : 0, total time : 0 ms
11:12:20.413 - Ticked widgets for 1 minute : 0. Per second : 0, total time : 0 ms
11:13:20.408 - Ticked widgets for 1 minute : 0. Per second : 0, total time : 0 ms
11:14:20.415 - Ticked widgets for 1 minute : 0. Per second : 0, total time : 0 ms
11:15:20.410 - Ticked widgets for 1 minute : 0. Per second : 0, total time : 0 ms
11:16:20.401 - Ticked widgets for 1 minute : 0. Per second : 0, total time : 0 ms
11:17:20.405 - Ticked widgets for 1 minute : 0. Per second : 0, total time : 0 ms
11:18:20.415 - Ticked widgets for 1 minute : 0. Per second : 0, total time : 0 ms
11:19:20.411 - Ticked widgets for 1 minute : 0. Per second : 0, total time : 0 ms
11:20:20.404 - Ticked widgets for 1 minute : 0. Per second : 0, total time : 0 ms
11:21:20.258 - Truncated 0 files. Time : 3 ms.
11:21:20.259 - Removed 0 old export files. Time : 1 ms.
11:21:20.410 - Ticked widgets for 1 minute : 0. Per second : 0, total time : 0 ms
11:22:20.406 - Ticked widgets for 1 minute : 0. Per second : 0, total time : 0 ms
11:23:20.407 - Ticked widgets for 1 minute : 0. Per second : 0, total time : 0 ms
11:24:20.405 - Ticked widgets for 1 minute : 0. Per second : 0, total time : 0 ms
11:25:20.416 - Ticked widgets for 1 minute : 0. Per second : 0, total time : 0 ms
11:26:20.402 - Ticked widgets for 1 minute : 0. Per second : 0, total time : 0 ms
11:27:20.414 - Ticked widgets for 1 minute : 0. Per second : 0, total time : 0 ms
11:28:20.412 - Ticked widgets for 1 minute : 0. Per second : 0, total time : 0 ms
11:29:20.413 - Ticked widgets for 1 minute : 0. Per second : 0, total time : 0 ms
11:30:20.404 - Ticked widgets for 1 minute : 0. Per second : 0, total time : 0 ms
11:31:20.414 - Ticked widgets for 1 minute : 0. Per second : 0, total time : 0 ms
11:32:20.414 - Ticked widgets for 1 minute : 0. Per second : 0, total time : 0 ms
11:33:20.410 - Ticked widgets for 1 minute : 0. Per second : 0, total time : 0 ms
11:34:20.411 - Ticked widgets for 1 minute : 0. Per second : 0, total time : 0 ms
11:35:20.407 - Ticked widgets for 1 minute : 0. Per second : 0, total time : 0 ms
11:36:20.412 - Ticked widgets for 1 minute : 0. Per second : 0, total time : 0 ms
11:37:20.410 - Ticked widgets for 1 minute : 0. Per second : 0, total time : 0 ms
11:38:20.404 - Ticked widgets for 1 minute : 0. Per second : 0, total time : 0 ms
11:39:20.411 - Ticked widgets for 1 minute : 0. Per second : 0, total time : 0 ms
11:40:20.407 - Ticked widgets for 1 minute : 0. Per second : 0, total time : 0 ms
11:41:20.408 - Ticked widgets for 1 minute : 0. Per second : 0, total time : 0 ms
11:42:20.403 - Ticked widgets for 1 minute : 0. Per second : 0, total time : 0 ms
11:43:20.413 - Ticked widgets for 1 minute : 0. Per second : 0, total time : 0 ms
11:44:20.406 - Ticked widgets for 1 minute : 0. Per second : 0, total time : 0 ms
11:45:20.404 - Ticked widgets for 1 minute : 0. Per second : 0, total time : 0 ms
11:46:20.414 - Ticked widgets for 1 minute : 0. Per second : 0, total time : 0 ms
11:47:20.413 - Ticked widgets for 1 minute : 0. Per second : 0, total time : 0 ms
11:48:20.403 - Ticked widgets for 1 minute : 0. Per second : 0, total time : 0 ms
11:49:20.403 - Ticked widgets for 1 minute : 0. Per second : 0, total time : 0 ms
11:50:20.402 - Ticked widgets for 1 minute : 0. Per second : 0, total time : 0 ms
11:51:20.404 - Ticked widgets for 1 minute : 0. Per second : 0, total time : 0 ms
11:52:20.401 - Ticked widgets for 1 minute : 0. Per second : 0, total time : 0 ms
11:53:20.404 - Ticked widgets for 1 minute : 0. Per second : 0, total time : 0 ms
11:54:20.402 - Ticked widgets for 1 minute : 0. Per second : 0, total time : 0 ms
11:55:20.405 - Ticked widgets for 1 minute : 0. Per second : 0, total time : 0 ms
11:56:20.410 - Ticked widgets for 1 minute : 0. Per second : 0, total time : 0 ms
11:57:20.409 - Ticked widgets for 1 minute : 0. Per second : 0, total time : 0 ms
11:58:20.408 - Ticked widgets for 1 minute : 0. Per second : 0, total time : 0 ms
11:59:20.409 - Ticked widgets for 1 minute : 0. Per second : 0, total time : 0 ms
12:00:20.411 - Ticked widgets for 1 minute : 0. Per second : 0, total time : 0 ms
12:01:20.411 - Ticked widgets for 1 minute : 0. Per second : 0, total time : 0 ms
12:02:20.412 - Ticked widgets for 1 minute : 0. Per second : 0, total time : 0 ms
12:03:20.408 - Ticked widgets for 1 minute : 0. Per second : 0, total time : 0 ms
12:04:20.410 - Ticked widgets for 1 minute : 0. Per second : 0, total time : 0 ms
12:05:20.404 - Ticked widgets for 1 minute : 0. Per second : 0, total time : 0 ms
12:06:20.413 - Ticked widgets for 1 minute : 0. Per second : 0, total time : 0 ms
12:07:20.403 - Ticked widgets for 1 minute : 0. Per second : 0, total time : 0 ms
12:08:20.415 - Ticked widgets for 1 minute : 0. Per second : 0, total time : 0 ms
12:09:20.406 - Ticked widgets for 1 minute : 0. Per second : 0, total time : 0 ms
12:10:20.402 - Ticked widgets for 1 minute : 0. Per second : 0, total time : 0 ms
12:11:20.416 - Ticked widgets for 1 minute : 0. Per second : 0, total time : 0 ms
12:12:20.412 - Ticked widgets for 1 minute : 0. Per second : 0, total time : 0 ms
12:13:20.405 - Ticked widgets for 1 minute : 0. Per second : 0, total time : 0 ms
12:14:20.405 - Ticked widgets for 1 minute : 0. Per second : 0, total time : 0 ms
12:15:20.415 - Ticked widgets for 1 minute : 0. Per second : 0, total time : 0 ms
12:16:20.410 - Ticked widgets for 1 minute : 0. Per second : 0, total time : 0 ms
12:17:20.412 - Ticked widgets for 1 minute : 0. Per second : 0, total time : 0 ms
12:18:20.401 - Ticked widgets for 1 minute : 0. Per second : 0, total time : 0 ms
12:19:20.416 - Ticked widgets for 1 minute : 0. Per second : 0, total time : 0 ms
12:20:20.403 - Ticked widgets for 1 minute : 0. Per second : 0, total time : 0 ms
12:21:20.407 - Ticked widgets for 1 minute : 0. Per second : 0, total time : 0 ms
12:21:46.040 - Timers : 2
12:22:01.060 - Backup for user DB started...
12:22:01.068 - Backup for user DB finished.
12:22:46.412 - Ticked widgets for 1 minute : 0. Per second : 0, total time : 3 ms
12:23:46.414 - Ticked widgets for 1 minute : 0. Per second : 0, total time : 2 ms
12:24:46.412 - Ticked widgets for 1 minute : 0. Per second : 0, total time : 0 ms
12:25:46.402 - Ticked widgets for 1 minute : 0. Per second : 0, total time : 0 ms
12:26:46.413 - Ticked widgets for 1 minute : 0. Per second : 0, total time : 0 ms
12:27:46.414 - Ticked widgets for 1 minute : 0. Per second : 0, total time : 1 ms
12:28:46.414 - Ticked widgets for 1 minute : 0. Per second : 0, total time : 0 ms
12:29:46.413 - Ticked widgets for 1 minute : 0. Per second : 0, total time : 0 ms
12:30:46.415 - Ticked widgets for 1 minute : 0. Per second : 0, total time : 0 ms
12:31:46.405 - Ticked widgets for 1 minute : 0. Per second : 0, total time : 0 ms
12:32:46.401 - Ticked widgets for 1 minute : 0. Per second : 0, total time : 0 ms
12:33:46.407 - Ticked widgets for 1 minute : 0. Per second : 0, total time : 0 ms
12:34:46.405 - Ticked widgets for 1 minute : 0. Per second : 0, total time : 0 ms
12:35:46.406 - Ticked widgets for 1 minute : 0. Per second : 0, total time : 0 ms
12:36:46.416 - Ticked widgets for 1 minute : 0. Per second : 0, total time : 0 ms
12:37:46.412 - Ticked widgets for 1 minute : 0. Per second : 0, total time : 0 ms
12:38:46.407 - Ticked widgets for 1 minute : 0. Per second : 0, total time : 0 ms
12:39:46.406 - Ticked widgets for 1 minute : 0. Per second : 0, total time : 0 ms
12:40:46.413 - Ticked widgets for 1 minute : 0. Per second : 0, total time : 0 ms
12:41:46.416 - Ticked widgets for 1 minute : 0. Per second : 0, total time : 0 ms
12:42:46.415 - Ticked widgets for 1 minute : 0. Per second : 0, total time : 0 ms
12:43:46.412 - Ticked widgets for 1 minute : 0. Per second : 0, total time : 0 ms
12:44:46.406 - Ticked widgets for 1 minute : 0. Per second : 0, total time : 0 ms
12:45:46.405 - Ticked widgets for 1 minute : 0. Per second : 0, total time : 0 ms
12:46:46.409 - Ticked widgets for 1 minute : 0. Per second : 0, total time : 0 ms
12:47:46.405 - Ticked widgets for 1 minute : 0. Per second : 0, total time : 0 ms
12:48:46.404 - Ticked widgets for 1 minute : 0. Per second : 0, total time : 0 ms
12:49:46.410 - Ticked widgets for 1 minute : 0. Per second : 0, total time : 0 ms
12:50:46.401 - Ticked widgets for 1 minute : 0. Per second : 0, total time : 0 ms
12:51:46.413 - Ticked widgets for 1 minute : 0. Per second : 0, total time : 0 ms
12:52:46.407 - Ticked widgets for 1 minute : 0. Per second : 0, total time : 0 ms
12:53:46.406 - Ticked widgets for 1 minute : 0. Per second : 0, total time : 0 ms
12:54:46.404 - Ticked widgets for 1 minute : 0. Per second : 0, total time : 0 ms
12:55:46.404 - Ticked widgets for 1 minute : 0. Per second : 0, total time : 0 ms
12:56:46.411 - Ticked widgets for 1 minute : 0. Per second : 0, total time : 0 ms
12:57:46.403 - Ticked widgets for 1 minute : 0. Per second : 0, total time : 0 ms
12:58:46.407 - Ticked widgets for 1 minute : 0. Per second : 0, total time : 0 ms
